#-----------------------------------------------------------
# Vivado v2020.1 (64-bit)
# SW Build 2902540 on Wed May 27 19:54:49 MDT 2020
# IP Build 2902112 on Wed May 27 22:43:36 MDT 2020
# Start of session at: Fri Dec 17 00:42:42 2021
# Process ID: 6056
# Current directory: C:/Users/Shehryar Amin/OneDrive/BAck Up/OneDrive/Desktop/finallllllllll
# Command line: vivado.exe -gui_launcher_event rodinguilauncherevent14308 C:\Users\Shehryar Amin\OneDrive\BAck Up\OneDrive\Desktop\finallllllllll\finallllllllll.xpr
# Log file: C:/Users/Shehryar Amin/OneDrive/BAck Up/OneDrive/Desktop/finallllllllll/vivado.log
# Journal file: C:/Users/Shehryar Amin/OneDrive/BAck Up/OneDrive/Desktop/finallllllllll\vivado.jou
#-----------------------------------------------------------
start_gui
open_project {C:/Users/Shehryar Amin/OneDrive/BAck Up/OneDrive/Desktop/finallllllllll/finallllllllll.xpr}
CRITICAL WARNING: [Project 1-19] Could not find the file 'C:/Users/Shehryar Amin/OneDrive/BAck Up/OneDrive/Desktop/New folder/keyboardIN/keyboardIN.srcs/sources_1/imports/hdl/PS2Receiver.v'.
CRITICAL WARNING: [Project 1-19] Could not find the file 'C:/Users/Shehryar Amin/OneDrive/BAck Up/OneDrive/Desktop/New folder/keyboardIN/keyboardIN.srcs/sources_1/imports/hdl/bin2ascii.v'.
CRITICAL WARNING: [Project 1-19] Could not find the file 'C:/Users/Shehryar Amin/OneDrive/BAck Up/OneDrive/Desktop/New folder/keyboardIN/keyboardIN.srcs/sources_1/imports/hdl/debouncer.v'.
CRITICAL WARNING: [Project 1-19] Could not find the file 'C:/Users/Shehryar Amin/OneDrive/BAck Up/OneDrive/Desktop/New folder/keyboardIN/keyboardIN.srcs/sources_1/imports/hdl/uart_buf_con.v'.
CRITICAL WARNING: [Project 1-19] Could not find the file 'C:/Users/Shehryar Amin/OneDrive/BAck Up/OneDrive/Desktop/New folder/keyboardIN/keyboardIN.srcs/sources_1/imports/hdl/uart_tx.v'.
CRITICAL WARNING: [Project 1-19] Could not find the file 'C:/Users/Shehryar Amin/OneDrive/BAck Up/OneDrive/Desktop/New folder/keyboardIN/keyboardIN.srcs/sources_1/imports/hdl/top.v'.
Scanning sources...
Finished scanning sources
INFO: [IP_Flow 19-234] Refreshing IP repositories
INFO: [IP_Flow 19-1704] No user IP repositories specified
INFO: [IP_Flow 19-2313] Loaded Vivado IP repository 'D:/University/xilinx-vivado/Xilinx/Vivado/2020.1/data/ip'.
open_project: Time (s): cpu = 00:00:24 ; elapsed = 00:00:10 . Memory (MB): peak = 1024.488 ; gain = 0.000
update_compile_order -fileset sources_1
open_hw_manager
connect_hw_server -allow_non_jtag
INFO: [Labtools 27-2285] Connecting to hw_server url TCP:localhost:3121
INFO: [Labtools 27-3415] Connecting to cs_server url TCP:localhost:3042
INFO: [Labtools 27-3414] Connected to existing cs_server.
open_hw_target
INFO: [Labtoolstcl 44-466] Opening hw_target localhost:3121/xilinx_tcf/Digilent/210183AF2A03A
open_hw_target: Time (s): cpu = 00:00:06 ; elapsed = 00:00:07 . Memory (MB): peak = 2194.805 ; gain = 1170.316
set_property PROGRAM.FILE {C:/Users/Shehryar Amin/OneDrive/BAck Up/OneDrive/Desktop/finallllllllll/finallllllllll.runs/impl_1/TopLevelModule.bit} [get_hw_devices xc7a35t_0]
current_hw_device [get_hw_devices xc7a35t_0]
refresh_hw_device -update_hw_probes false [lindex [get_hw_devices xc7a35t_0] 0]
INFO: [Labtools 27-1434] Device xc7a35t (JTAG device index = 0) is programmed with a design that has no supported debug core(s) in it.
set_property PROBES.FILE {} [get_hw_devices xc7a35t_0]
set_property FULL_PROBES.FILE {} [get_hw_devices xc7a35t_0]
set_property PROGRAM.FILE {C:/Users/Shehryar Amin/OneDrive/BAck Up/OneDrive/Desktop/finallllllllll/finallllllllll.runs/impl_1/TopLevelModule.bit} [get_hw_devices xc7a35t_0]
program_hw_devices [get_hw_devices xc7a35t_0]
INFO: [Labtools 27-3164] End of startup status: HIGH
refresh_hw_device [lindex [get_hw_devices xc7a35t_0] 0]
INFO: [Labtools 27-1434] Device xc7a35t (JTAG device index = 0) is programmed with a design that has no supported debug core(s) in it.
export_ip_user_files -of_objects  [get_files {{C:/Users/Shehryar Amin/OneDrive/BAck Up/OneDrive/Desktop/New folder/keyboardIN/keyboardIN.srcs/sources_1/imports/hdl/PS2Receiver.v}}] -no_script -reset -force -quiet
remove_files  {{C:/Users/Shehryar Amin/OneDrive/BAck Up/OneDrive/Desktop/New folder/keyboardIN/keyboardIN.srcs/sources_1/imports/hdl/PS2Receiver.v}}
export_ip_user_files -of_objects  [get_files {{C:/Users/Shehryar Amin/OneDrive/BAck Up/OneDrive/Desktop/New folder/keyboardIN/keyboardIN.srcs/sources_1/imports/hdl/bin2ascii.v}}] -no_script -reset -force -quiet
remove_files  {{C:/Users/Shehryar Amin/OneDrive/BAck Up/OneDrive/Desktop/New folder/keyboardIN/keyboardIN.srcs/sources_1/imports/hdl/bin2ascii.v}}
export_ip_user_files -of_objects  [get_files {{C:/Users/Shehryar Amin/OneDrive/BAck Up/OneDrive/Desktop/New folder/keyboardIN/keyboardIN.srcs/sources_1/imports/hdl/debouncer.v}}] -no_script -reset -force -quiet
remove_files  {{C:/Users/Shehryar Amin/OneDrive/BAck Up/OneDrive/Desktop/New folder/keyboardIN/keyboardIN.srcs/sources_1/imports/hdl/debouncer.v}}
export_ip_user_files -of_objects  [get_files {{C:/Users/Shehryar Amin/OneDrive/BAck Up/OneDrive/Desktop/New folder/keyboardIN/keyboardIN.srcs/sources_1/imports/hdl/top.v}}] -no_script -reset -force -quiet
remove_files  {{C:/Users/Shehryar Amin/OneDrive/BAck Up/OneDrive/Desktop/New folder/keyboardIN/keyboardIN.srcs/sources_1/imports/hdl/top.v}}
export_ip_user_files -of_objects  [get_files {{C:/Users/Shehryar Amin/OneDrive/BAck Up/OneDrive/Desktop/New folder/keyboardIN/keyboardIN.srcs/sources_1/imports/hdl/uart_buf_con.v}}] -no_script -reset -force -quiet
remove_files  {{C:/Users/Shehryar Amin/OneDrive/BAck Up/OneDrive/Desktop/New folder/keyboardIN/keyboardIN.srcs/sources_1/imports/hdl/uart_buf_con.v}}
export_ip_user_files -of_objects  [get_files {{C:/Users/Shehryar Amin/OneDrive/BAck Up/OneDrive/Desktop/New folder/keyboardIN/keyboardIN.srcs/sources_1/imports/hdl/uart_tx.v}}] -no_script -reset -force -quiet
remove_files  {{C:/Users/Shehryar Amin/OneDrive/BAck Up/OneDrive/Desktop/New folder/keyboardIN/keyboardIN.srcs/sources_1/imports/hdl/uart_tx.v}}
close [ open {C:/Users/Shehryar Amin/OneDrive/BAck Up/OneDrive/Desktop/finallllllllll/finallllllllll.srcs/sources_1/new/top.v} w ]
add_files {{C:/Users/Shehryar Amin/OneDrive/BAck Up/OneDrive/Desktop/finallllllllll/finallllllllll.srcs/sources_1/new/top.v}}
update_compile_order -fileset sources_1
close [ open {C:/Users/Shehryar Amin/OneDrive/BAck Up/OneDrive/Desktop/finallllllllll/finallllllllll.srcs/sources_1/new/PS2Receiver.v} w ]
add_files {{C:/Users/Shehryar Amin/OneDrive/BAck Up/OneDrive/Desktop/finallllllllll/finallllllllll.srcs/sources_1/new/PS2Receiver.v}}
update_compile_order -fileset sources_1
reset_run synth_1
launch_runs synth_1 -jobs 4
[Fri Dec 17 01:21:18 2021] Launched synth_1...
Run output will be captured here: C:/Users/Shehryar Amin/OneDrive/BAck Up/OneDrive/Desktop/finallllllllll/finallllllllll.runs/synth_1/runme.log
close [ open {C:/Users/Shehryar Amin/OneDrive/BAck Up/OneDrive/Desktop/finallllllllll/finallllllllll.srcs/sources_1/new/debouncer.v} w ]
add_files {{C:/Users/Shehryar Amin/OneDrive/BAck Up/OneDrive/Desktop/finallllllllll/finallllllllll.srcs/sources_1/new/debouncer.v}}
update_compile_order -fileset sources_1
reset_run synth_1
launch_runs synth_1 -jobs 4
[Fri Dec 17 01:26:10 2021] Launched synth_1...
Run output will be captured here: C:/Users/Shehryar Amin/OneDrive/BAck Up/OneDrive/Desktop/finallllllllll/finallllllllll.runs/synth_1/runme.log
open_run synth_1 -name synth_1
Design is defaulting to impl run constrset: constrs_1
Design is defaulting to synth run part: xc7a35tcpg236-1
INFO: [Device 21-403] Loading part xc7a35tcpg236-1
Netlist sorting complete. Time (s): cpu = 00:00:00 ; elapsed = 00:00:00.007 . Memory (MB): peak = 2528.469 ; gain = 0.000
INFO: [Netlist 29-17] Analyzing 20 Unisim elements for replacement
INFO: [Netlist 29-28] Unisim Transformation completed in 0 CPU seconds
INFO: [Project 1-479] Netlist was created with Vivado 2020.1
INFO: [Project 1-570] Preparing netlist for logic optimization
Parsing XDC File [C:/Users/Shehryar Amin/OneDrive/BAck Up/OneDrive/Desktop/finallllllllll/finallllllllll.srcs/constrs_1/new/2.xdc]
WARNING: [Vivado 12-584] No ports matched 'down'. [C:/Users/Shehryar Amin/OneDrive/BAck Up/OneDrive/Desktop/finallllllllll/finallllllllll.srcs/constrs_1/new/2.xdc:37]
CRITICAL WARNING: [Common 17-55] 'set_property' expects at least one object. [C:/Users/Shehryar Amin/OneDrive/BAck Up/OneDrive/Desktop/finallllllllll/finallllllllll.srcs/constrs_1/new/2.xdc:37]
Resolution: If [get_<value>] was used to populate the object, check to make sure this command returns at least one valid object.
WARNING: [Vivado 12-584] No ports matched 'down'. [C:/Users/Shehryar Amin/OneDrive/BAck Up/OneDrive/Desktop/finallllllllll/finallllllllll.srcs/constrs_1/new/2.xdc:39]
CRITICAL WARNING: [Common 17-55] 'set_property' expects at least one object. [C:/Users/Shehryar Amin/OneDrive/BAck Up/OneDrive/Desktop/finallllllllll/finallllllllll.srcs/constrs_1/new/2.xdc:39]
Resolution: If [get_<value>] was used to populate the object, check to make sure this command returns at least one valid object.
WARNING: [Vivado 12-584] No ports matched 'space'. [C:/Users/Shehryar Amin/OneDrive/BAck Up/OneDrive/Desktop/finallllllllll/finallllllllll.srcs/constrs_1/new/2.xdc:42]
CRITICAL WARNING: [Common 17-55] 'set_property' expects at least one object. [C:/Users/Shehryar Amin/OneDrive/BAck Up/OneDrive/Desktop/finallllllllll/finallllllllll.srcs/constrs_1/new/2.xdc:42]
Resolution: If [get_<value>] was used to populate the object, check to make sure this command returns at least one valid object.
WARNING: [Vivado 12-584] No ports matched 'space'. [C:/Users/Shehryar Amin/OneDrive/BAck Up/OneDrive/Desktop/finallllllllll/finallllllllll.srcs/constrs_1/new/2.xdc:44]
CRITICAL WARNING: [Common 17-55] 'set_property' expects at least one object. [C:/Users/Shehryar Amin/OneDrive/BAck Up/OneDrive/Desktop/finallllllllll/finallllllllll.srcs/constrs_1/new/2.xdc:44]
Resolution: If [get_<value>] was used to populate the object, check to make sure this command returns at least one valid object.
WARNING: [Vivado 12-584] No ports matched 'text'. [C:/Users/Shehryar Amin/OneDrive/BAck Up/OneDrive/Desktop/finallllllllll/finallllllllll.srcs/constrs_1/new/2.xdc:47]
CRITICAL WARNING: [Common 17-55] 'set_property' expects at least one object. [C:/Users/Shehryar Amin/OneDrive/BAck Up/OneDrive/Desktop/finallllllllll/finallllllllll.srcs/constrs_1/new/2.xdc:47]
Resolution: If [get_<value>] was used to populate the object, check to make sure this command returns at least one valid object.
WARNING: [Vivado 12-584] No ports matched 'text'. [C:/Users/Shehryar Amin/OneDrive/BAck Up/OneDrive/Desktop/finallllllllll/finallllllllll.srcs/constrs_1/new/2.xdc:48]
CRITICAL WARNING: [Common 17-55] 'set_property' expects at least one object. [C:/Users/Shehryar Amin/OneDrive/BAck Up/OneDrive/Desktop/finallllllllll/finallllllllll.srcs/constrs_1/new/2.xdc:48]
Resolution: If [get_<value>] was used to populate the object, check to make sure this command returns at least one valid object.
WARNING: [Vivado 12-584] No ports matched 'Up'. [C:/Users/Shehryar Amin/OneDrive/BAck Up/OneDrive/Desktop/finallllllllll/finallllllllll.srcs/constrs_1/new/2.xdc:51]
CRITICAL WARNING: [Common 17-55] 'set_property' expects at least one object. [C:/Users/Shehryar Amin/OneDrive/BAck Up/OneDrive/Desktop/finallllllllll/finallllllllll.srcs/constrs_1/new/2.xdc:51]
Resolution: If [get_<value>] was used to populate the object, check to make sure this command returns at least one valid object.
WARNING: [Vivado 12-584] No ports matched 'Up'. [C:/Users/Shehryar Amin/OneDrive/BAck Up/OneDrive/Desktop/finallllllllll/finallllllllll.srcs/constrs_1/new/2.xdc:52]
CRITICAL WARNING: [Common 17-55] 'set_property' expects at least one object. [C:/Users/Shehryar Amin/OneDrive/BAck Up/OneDrive/Desktop/finallllllllll/finallllllllll.srcs/constrs_1/new/2.xdc:52]
Resolution: If [get_<value>] was used to populate the object, check to make sure this command returns at least one valid object.
Finished Parsing XDC File [C:/Users/Shehryar Amin/OneDrive/BAck Up/OneDrive/Desktop/finallllllllll/finallllllllll.srcs/constrs_1/new/2.xdc]
INFO: [Opt 31-138] Pushed 0 inverter(s) to 0 load pin(s).
Netlist sorting complete. Time (s): cpu = 00:00:00 ; elapsed = 00:00:00 . Memory (MB): peak = 2610.348 ; gain = 0.000
INFO: [Project 1-111] Unisim Transformation Summary:
No Unisim elements were transformed.

open_run: Time (s): cpu = 00:00:33 ; elapsed = 00:00:28 . Memory (MB): peak = 2748.004 ; gain = 472.699
place_ports PS2_DATA B17
place_ports PS2_CLK C17
set_property IOSTANDARD LVCMOS33 [get_ports [list PS2_CLK]]
set_property IOSTANDARD LVCMOS33 [get_ports [list PS2_DATA]]
place_ports {code[7]} V3
place_ports {code[6]} V13
place_ports {code[5]} V14
place_ports {code[4]} U14
set_property package_pin "" [get_ports [list  {code[3]}]]
set_property package_pin "" [get_ports [list  {code[1]}]]
place_ports {code[3]} U15
place_ports {code[2]} W18
set_property package_pin "" [get_ports [list  {code[1]}]]
place_ports {code[0]} E19
set_property package_pin "" [get_ports [list  {code[1]}]]
place_ports {code[1]} V19
save_constraints
launch_runs impl_1 -jobs 4
INFO: [Timing 38-480] Writing timing data to binary archive.
Writing placer database...
Writing XDEF routing.
Writing XDEF routing logical nets.
Writing XDEF routing special nets.
Write XDEF Complete: Time (s): cpu = 00:00:00 ; elapsed = 00:00:00.065 . Memory (MB): peak = 3433.629 ; gain = 0.000
[Fri Dec 17 01:31:33 2021] Launched impl_1...
Run output will be captured here: C:/Users/Shehryar Amin/OneDrive/BAck Up/OneDrive/Desktop/finallllllllll/finallllllllll.runs/impl_1/runme.log
reset_run impl_1 -prev_step 
set_property IOSTANDARD LVCMOS33 [get_ports [list {code[7]} {code[6]} {code[5]} {code[4]} {code[3]} {code[2]} {code[1]} {code[0]}]]
save_constraints
launch_runs impl_1 -jobs 4
INFO: [Timing 38-480] Writing timing data to binary archive.
Writing placer database...
Writing XDEF routing.
Writing XDEF routing logical nets.
Writing XDEF routing special nets.
Write XDEF Complete: Time (s): cpu = 00:00:00 ; elapsed = 00:00:00.064 . Memory (MB): peak = 3433.629 ; gain = 0.000
[Fri Dec 17 01:32:35 2021] Launched impl_1...
Run output will be captured here: C:/Users/Shehryar Amin/OneDrive/BAck Up/OneDrive/Desktop/finallllllllll/finallllllllll.runs/impl_1/runme.log
launch_runs impl_1 -to_step write_bitstream -jobs 4
[Fri Dec 17 01:34:45 2021] Launched impl_1...
Run output will be captured here: C:/Users/Shehryar Amin/OneDrive/BAck Up/OneDrive/Desktop/finallllllllll/finallllllllll.runs/impl_1/runme.log
open_run impl_1
Netlist sorting complete. Time (s): cpu = 00:00:00 ; elapsed = 00:00:00.011 . Memory (MB): peak = 3433.629 ; gain = 0.000
INFO: [Netlist 29-17] Analyzing 20 Unisim elements for replacement
INFO: [Netlist 29-28] Unisim Transformation completed in 0 CPU seconds
INFO: [Project 1-479] Netlist was created with Vivado 2020.1
INFO: [Project 1-570] Preparing netlist for logic optimization
INFO: [Timing 38-478] Restoring timing data from binary archive.
INFO: [Timing 38-479] Binary timing data restore complete.
INFO: [Project 1-856] Restoring constraints from binary archive.
INFO: [Project 1-853] Binary constraint restore complete.
Reading XDEF placement.
Reading placer database...
Reading XDEF routing.
Read XDEF File: Time (s): cpu = 00:00:00 ; elapsed = 00:00:00.115 . Memory (MB): peak = 3586.980 ; gain = 0.000
Restored from archive | CPU: 0.000000 secs | Memory: 0.000000 MB |
Finished XDEF File Restore: Time (s): cpu = 00:00:00 ; elapsed = 00:00:00.116 . Memory (MB): peak = 3586.980 ; gain = 0.000
Netlist sorting complete. Time (s): cpu = 00:00:00 ; elapsed = 00:00:00 . Memory (MB): peak = 3586.980 ; gain = 0.000
INFO: [Project 1-111] Unisim Transformation Summary:
No Unisim elements were transformed.

open_run: Time (s): cpu = 00:00:10 ; elapsed = 00:00:08 . Memory (MB): peak = 3817.051 ; gain = 383.422
WARNING: [Timing 38-313] There are no user specified timing constraints. Timing constraints are needed for proper timing analysis.
current_design synth_1
write_schematic -format pdf -orientation landscape C:/Users/Shehryar Amin/OneDrive/BAck Up/OneDrive/Desktop/schematic.pdf
ERROR: [Common 17-165] Too many positional options when parsing 'Up/OneDrive/Desktop/schematic.pdf', please type 'write_schematic -help' for usage info.
set_property PROBES.FILE {} [get_hw_devices xc7a35t_0]
set_property FULL_PROBES.FILE {} [get_hw_devices xc7a35t_0]
set_property PROGRAM.FILE {C:/Users/Shehryar Amin/OneDrive/BAck Up/OneDrive/Desktop/finallllllllll/finallllllllll.runs/impl_1/TopLevelModule.bit} [get_hw_devices xc7a35t_0]
program_hw_devices [get_hw_devices xc7a35t_0]
INFO: [Labtools 27-3164] End of startup status: HIGH
refresh_hw_device [lindex [get_hw_devices xc7a35t_0] 0]
INFO: [Labtools 27-1434] Device xc7a35t (JTAG device index = 0) is programmed with a design that has no supported debug core(s) in it.
reset_run synth_1
launch_runs impl_1 -to_step write_bitstream -jobs 4
WARNING: [Project 1-478] Design 'synth_1' is stale and will not be used when launching 'impl_1'
[Fri Dec 17 01:48:50 2021] Launched synth_1...
Run output will be captured here: C:/Users/Shehryar Amin/OneDrive/BAck Up/OneDrive/Desktop/finallllllllll/finallllllllll.runs/synth_1/runme.log
[Fri Dec 17 01:48:50 2021] Launched impl_1...
Run output will be captured here: C:/Users/Shehryar Amin/OneDrive/BAck Up/OneDrive/Desktop/finallllllllll/finallllllllll.runs/impl_1/runme.log
set_property PROBES.FILE {} [get_hw_devices xc7a35t_0]
set_property FULL_PROBES.FILE {} [get_hw_devices xc7a35t_0]
set_property PROGRAM.FILE {C:/Users/Shehryar Amin/OneDrive/BAck Up/OneDrive/Desktop/finallllllllll/finallllllllll.runs/impl_1/TopLevelModule.bit} [get_hw_devices xc7a35t_0]
program_hw_devices [get_hw_devices xc7a35t_0]
INFO: [Labtools 27-3164] End of startup status: HIGH
refresh_hw_device [lindex [get_hw_devices xc7a35t_0] 0]
INFO: [Labtools 27-1434] Device xc7a35t (JTAG device index = 0) is programmed with a design that has no supported debug core(s) in it.
reset_run synth_1
launch_runs impl_1 -to_step write_bitstream -jobs 4
WARNING: [Project 1-478] Design 'synth_1' is stale and will not be used when launching 'impl_1'
[Fri Dec 17 02:14:35 2021] Launched synth_1...
Run output will be captured here: C:/Users/Shehryar Amin/OneDrive/BAck Up/OneDrive/Desktop/finallllllllll/finallllllllll.runs/synth_1/runme.log
[Fri Dec 17 02:14:36 2021] Launched impl_1...
Run output will be captured here: C:/Users/Shehryar Amin/OneDrive/BAck Up/OneDrive/Desktop/finallllllllll/finallllllllll.runs/impl_1/runme.log
set_property PROBES.FILE {} [get_hw_devices xc7a35t_0]
set_property FULL_PROBES.FILE {} [get_hw_devices xc7a35t_0]
set_property PROGRAM.FILE {C:/Users/Shehryar Amin/OneDrive/BAck Up/OneDrive/Desktop/finallllllllll/finallllllllll.runs/impl_1/TopLevelModule.bit} [get_hw_devices xc7a35t_0]
program_hw_devices [get_hw_devices xc7a35t_0]
INFO: [Labtools 27-3164] End of startup status: HIGH
refresh_hw_device [lindex [get_hw_devices xc7a35t_0] 0]
INFO: [Labtools 27-1434] Device xc7a35t (JTAG device index = 0) is programmed with a design that has no supported debug core(s) in it.
reset_run synth_1
launch_runs impl_1 -to_step write_bitstream -jobs 4
WARNING: [Project 1-478] Design 'synth_1' is stale and will not be used when launching 'impl_1'
[Fri Dec 17 02:22:54 2021] Launched synth_1...
Run output will be captured here: C:/Users/Shehryar Amin/OneDrive/BAck Up/OneDrive/Desktop/finallllllllll/finallllllllll.runs/synth_1/runme.log
[Fri Dec 17 02:22:54 2021] Launched impl_1...
Run output will be captured here: C:/Users/Shehryar Amin/OneDrive/BAck Up/OneDrive/Desktop/finallllllllll/finallllllllll.runs/impl_1/runme.log
set_property PROBES.FILE {} [get_hw_devices xc7a35t_0]
set_property FULL_PROBES.FILE {} [get_hw_devices xc7a35t_0]
set_property PROGRAM.FILE {C:/Users/Shehryar Amin/OneDrive/BAck Up/OneDrive/Desktop/finallllllllll/finallllllllll.runs/impl_1/TopLevelModule.bit} [get_hw_devices xc7a35t_0]
program_hw_devices [get_hw_devices xc7a35t_0]
INFO: [Labtools 27-3164] End of startup status: HIGH
refresh_hw_device [lindex [get_hw_devices xc7a35t_0] 0]
INFO: [Labtools 27-1434] Device xc7a35t (JTAG device index = 0) is programmed with a design that has no supported debug core(s) in it.
ERROR: [Labtoolstcl 44-513] HW Target shutdown. Closing target: localhost:3121/xilinx_tcf/Digilent/210183AF2A03A
exit
INFO: [Common 17-206] Exiting Vivado at Fri Dec 17 02:40:19 2021...
